[20May2025 00:03:28.035] [Server thread/INFO] [antiqueatlas/]: Sending dimension #ResourceKey[minecraft:dimension / minecraft:overworld]
[20May2025 00:03:28.037] [Server thread/INFO] [antiqueatlas/]: Sent dimension #ResourceKey[minecraft:dimension / minecraft:overworld] (0 tiles)
[20May2025 00:03:28.038] [Server thread/INFO] [antiqueatlas/]: Sent Atlas #4 data to player chocolinpy
[20May2025 00:03:47.954] [Server thread/INFO] [antiqueatlas/]: Saving local markers data to NBT
[20May2025 00:03:48.311] [Server thread/ERROR] [net.minecraft.world.storage.ServerWorldInfo/]: WorldGenSettings: Value -1 outside of range [0:4096]
[20May2025 00:08:48.620] [Server thread/ERROR] [net.minecraft.world.storage.ServerWorldInfo/]: WorldGenSettings: Value -1 outside of range [0:4096]
[20May2025 00:13:48.394] [Server thread/ERROR] [net.minecraft.world.storage.ServerWorldInfo/]: WorldGenSettings: Value -1 outside of range [0:4096]
[20May2025 00:17:49.012] [Server thread/INFO] [net.minecraft.server.dedicated.DedicatedServer/]: <Fabrioreos> zz
[20May2025 00:18:48.280] [Server thread/ERROR] [net.minecraft.world.storage.ServerWorldInfo/]: WorldGenSettings: Value -1 outside of range [0:4096]
[20May2025 00:23:48.199] [Server thread/ERROR] [net.minecraft.world.storage.ServerWorldInfo/]: WorldGenSettings: Value -1 outside of range [0:4096]
[20May2025 00:28:48.409] [Server thread/ERROR] [net.minecraft.world.storage.ServerWorldInfo/]: WorldGenSettings: Value -1 outside of range [0:4096]
[20May2025 00:33:48.314] [Server thread/ERROR] [net.minecraft.world.storage.ServerWorldInfo/]: WorldGenSettings: Value -1 outside of range [0:4096]
[20May2025 00:38:48.404] [Server thread/ERROR] [net.minecraft.world.storage.ServerWorldInfo/]: WorldGenSettings: Value -1 outside of range [0:4096]
[20May2025 00:39:45.300] [Server thread/WARN] [net.minecraft.server.management.PlayerInteractionManager/]: Mismatch in destroy block pos: BlockPos{x=1855, y=74, z=-635} BlockPos{x=1857, y=72, z=-635}
[20May2025 00:39:45.349] [Server thread/WARN] [net.minecraft.server.management.PlayerInteractionManager/]: Mismatch in destroy block pos: BlockPos{x=1855, y=74, z=-635} BlockPos{x=1857, y=72, z=-635}
[20May2025 00:39:45.801] [Server thread/WARN] [net.minecraft.server.management.PlayerInteractionManager/]: Mismatch in destroy block pos: BlockPos{x=1858, y=74, z=-637} BlockPos{x=1857, y=73, z=-639}
[20May2025 00:39:45.848] [Server thread/WARN] [net.minecraft.server.management.PlayerInteractionManager/]: Mismatch in destroy block pos: BlockPos{x=1858, y=74, z=-637} BlockPos{x=1857, y=73, z=-639}
[20May2025 00:39:46.503] [Server thread/WARN] [net.minecraft.server.management.PlayerInteractionManager/]: Mismatch in destroy block pos: BlockPos{x=1861, y=74, z=-634} BlockPos{x=1860, y=72, z=-632}
[20May2025 00:39:46.548] [Server thread/WARN] [net.minecraft.server.management.PlayerInteractionManager/]: Mismatch in destroy block pos: BlockPos{x=1861, y=74, z=-634} BlockPos{x=1860, y=72, z=-632}
[20May2025 00:39:49.464] [Server thread/WARN] [net.minecraft.server.management.PlayerInteractionManager/]: Mismatch in destroy block pos: BlockPos{x=1856, y=74, z=-631} BlockPos{x=1855, y=72, z=-630}
[20May2025 00:42:23.651] [Server thread/INFO] [net.minecraft.server.dedicated.DedicatedServer/]: Fabrioreos has made the advancement [We Need to Go Deeper]
[20May2025 00:42:23.870] [Server thread/INFO] [net.minecraft.server.dedicated.DedicatedServer/]: Fabrioreos has made the advancement [A Terrible Fortress]
[20May2025 00:42:25.087] [Server thread/WARN] [net.minecraft.server.MinecraftServer/]: Can't keep up! Is the server overloaded? Running 2371ms or 47 ticks behind
[20May2025 00:42:25.121] [Server thread/INFO] [antiqueatlas/]: Sending dimension #ResourceKey[minecraft:dimension / minecraft:the_nether]
[20May2025 00:42:25.122] [Server thread/INFO] [antiqueatlas/]: Sent dimension #ResourceKey[minecraft:dimension / minecraft:the_nether] (3 tiles)
[20May2025 00:42:25.122] [Server thread/INFO] [antiqueatlas/]: Sent Atlas #2 data to player Fabrioreos
[20May2025 00:43:11.896] [Server thread/INFO] [net.minecraft.server.dedicated.DedicatedServer/]: Fabrioreos has made the advancement [Those Were the Days]
[20May2025 00:43:51.296] [Server thread/ERROR] [net.minecraft.world.storage.ServerWorldInfo/]: WorldGenSettings: Value -1 outside of range [0:4096]
[20May2025 00:45:12.147] [Server thread/INFO] [net.minecraft.server.dedicated.DedicatedServer/]: Fabrioreos has made the advancement [Into Fire]
[20May2025 00:45:21.744] [Server thread/INFO] [net.minecraft.server.dedicated.DedicatedServer/]: chocolinpy has made the advancement [What a Deal!]
[20May2025 00:48:38.083] [Server thread/INFO] [net.minecraft.server.dedicated.DedicatedServer/]: chocolinpy has made the advancement [We Need to Go Deeper]
[20May2025 00:48:38.183] [Server thread/INFO] [antiqueatlas/]: Sending dimension #ResourceKey[minecraft:dimension / minecraft:the_nether]
[20May2025 00:48:38.184] [Server thread/INFO] [antiqueatlas/]: Sent dimension #ResourceKey[minecraft:dimension / minecraft:the_nether] (3 tiles)
[20May2025 00:48:38.184] [Server thread/INFO] [antiqueatlas/]: Sent Atlas #4 data to player chocolinpy
[20May2025 00:48:39.155] [Server thread/INFO] [net.minecraft.server.dedicated.DedicatedServer/]: chocolinpy has made the advancement [A Terrible Fortress]
[20May2025 00:48:51.052] [Server thread/ERROR] [net.minecraft.world.storage.ServerWorldInfo/]: WorldGenSettings: Value -1 outside of range [0:4096]
[20May2025 00:49:28.947] [Server thread/INFO] [net.minecraft.server.dedicated.DedicatedServer/]: chocolinpy has made the advancement [Those Were the Days]
[20May2025 00:50:21.441] [Server thread/INFO] [net.minecraft.server.dedicated.DedicatedServer/]: chocolinpy has made the advancement [Spooky Scary Skeleton]
[20May2025 00:53:38.951] [Server thread/INFO] [antiqueatlas/]: Created new marker #1"Here lies chocolinpy"@(234, -102)
[20May2025 00:53:38.953] [Server thread/INFO] [net.minecraft.server.dedicated.DedicatedServer/]: chocolinpy withered away whilst fighting Wither Skeleton
[20May2025 00:53:38.965] [Server thread/INFO] [tombstone/]: The player chocolinpy has successfully been saved
[20May2025 00:53:50.511] [Server thread/INFO] [antiqueatlas/]: Saving local markers data to NBT
[20May2025 00:53:50.846] [Server thread/ERROR] [net.minecraft.world.storage.ServerWorldInfo/]: WorldGenSettings: Value -1 outside of range [0:4096]
[20May2025 00:54:05.448] [Server thread/INFO] [antiqueatlas/]: Sent markers data #4 to player chocolinpy
[20May2025 00:54:07.206] [Server thread/INFO] [net.minecraft.server.dedicated.DedicatedServer/]: chocolinpy has reached the goal [Here They Come]
[20May2025 00:58:51.042] [Server thread/ERROR] [net.minecraft.world.storage.ServerWorldInfo/]: WorldGenSettings: Value -1 outside of range [0:4096]
[20May2025 01:03:18.689] [Server thread/INFO] [net.minecraft.network.play.ServerPlayNetHandler/]: Fabrioreos lost connection: Disconnected
[20May2025 01:03:18.689] [Server thread/INFO] [net.minecraft.server.dedicated.DedicatedServer/]: Fabrioreos left the game
[20May2025 01:03:50.840] [Server thread/ERROR] [net.minecraft.world.storage.ServerWorldInfo/]: WorldGenSettings: Value -1 outside of range [0:4096]
[20May2025 01:04:24.479] [Server thread/WARN] [net.minecraft.server.management.PlayerInteractionManager/]: Mismatch in destroy block pos: BlockPos{x=1862, y=71, z=-692} BlockPos{x=1861, y=71, z=-692}
[20May2025 01:08:50.591] [Server thread/ERROR] [net.minecraft.world.storage.ServerWorldInfo/]: WorldGenSettings: Value -1 outside of range [0:4096]
